[2019-06-12 11:58:52.304] [exthost] [info] extension host started
[2019-06-12 11:58:52.320] [exthost] [info] ExtensionService#_doActivateExtension vscode.debug-auto-launch {"startup":true,"activationEvent":"*"}
[2019-06-12 11:58:52.320] [exthost] [info] ExtensionService#loadCommonJSModule /usr/share/code/resources/app/extensions/debug-auto-launch/dist/extension
[2019-06-12 11:58:52.323] [exthost] [info] ExtensionService#_doActivateExtension vscode.emmet {"startup":true,"activationEvent":"*"}
[2019-06-12 11:58:52.323] [exthost] [info] ExtensionService#loadCommonJSModule /usr/share/code/resources/app/extensions/emmet/dist/extension
[2019-06-12 11:58:52.336] [exthost] [info] ExtensionService#_doActivateExtension vscode.git {"startup":true,"activationEvent":"*"}
[2019-06-12 11:58:52.336] [exthost] [info] ExtensionService#loadCommonJSModule /usr/share/code/resources/app/extensions/git/dist/main
[2019-06-12 11:58:52.419] [exthost] [info] ExtensionService#_doActivateExtension vscode.merge-conflict {"startup":true,"activationEvent":"*"}
[2019-06-12 11:58:52.419] [exthost] [info] ExtensionService#loadCommonJSModule /usr/share/code/resources/app/extensions/merge-conflict/dist/extension
[2019-06-12 11:58:52.425] [exthost] [info] ExtensionService#_doActivateExtension esbenp.prettier-vscode {"startup":true,"activationEvent":"*"}
[2019-06-12 11:58:52.425] [exthost] [info] ExtensionService#loadCommonJSModule /root/.vscode/extensions/esbenp.prettier-vscode-1.9.0/out/src/extension
[2019-06-12 11:58:52.593] [exthost] [info] eager extensions activated
[2019-06-12 12:00:02.407] [exthost] [info] extension host started
[2019-06-12 12:00:02.430] [exthost] [info] ExtensionService#_doActivateExtension vscode.debug-auto-launch {"startup":true,"activationEvent":"*"}
[2019-06-12 12:00:02.430] [exthost] [info] ExtensionService#loadCommonJSModule /usr/share/code/resources/app/extensions/debug-auto-launch/dist/extension
[2019-06-12 12:00:02.435] [exthost] [info] ExtensionService#_doActivateExtension vscode.emmet {"startup":true,"activationEvent":"*"}
[2019-06-12 12:00:02.435] [exthost] [info] ExtensionService#loadCommonJSModule /usr/share/code/resources/app/extensions/emmet/dist/extension
[2019-06-12 12:00:02.448] [exthost] [info] ExtensionService#_doActivateExtension vscode.git {"startup":true,"activationEvent":"*"}
[2019-06-12 12:00:02.448] [exthost] [info] ExtensionService#loadCommonJSModule /usr/share/code/resources/app/extensions/git/dist/main
[2019-06-12 12:00:02.529] [exthost] [info] ExtensionService#_doActivateExtension vscode.merge-conflict {"startup":true,"activationEvent":"*"}
[2019-06-12 12:00:02.529] [exthost] [info] ExtensionService#loadCommonJSModule /usr/share/code/resources/app/extensions/merge-conflict/dist/extension
[2019-06-12 12:00:02.534] [exthost] [info] ExtensionService#_doActivateExtension esbenp.prettier-vscode {"startup":true,"activationEvent":"*"}
[2019-06-12 12:00:02.534] [exthost] [info] ExtensionService#loadCommonJSModule /root/.vscode/extensions/esbenp.prettier-vscode-1.9.0/out/src/extension
[2019-06-12 12:00:02.667] [exthost] [info] eager extensions activated
[2019-06-12 12:00:09.812] [exthost] [info] ExtensionService#_doActivateExtension vscode.html-language-features {"startup":false,"activationEvent":"onLanguage:html"}
[2019-06-12 12:00:09.812] [exthost] [info] ExtensionService#loadCommonJSModule /usr/share/code/resources/app/extensions/html-language-features/client/dist/htmlMain
[2019-06-12 12:00:54.342] [exthost] [info] ExtensionService#_doActivateExtension vscode.extension-editing {"startup":false,"activationEvent":"onLanguage:typescript"}
[2019-06-12 12:00:54.342] [exthost] [info] ExtensionService#loadCommonJSModule /usr/share/code/resources/app/extensions/extension-editing/dist/extension
[2019-06-12 12:00:54.423] [exthost] [info] ExtensionService#_doActivateExtension vscode.typescript-language-features {"startup":false,"activationEvent":"onLanguage:typescript"}
[2019-06-12 12:00:54.423] [exthost] [info] ExtensionService#loadCommonJSModule /usr/share/code/resources/app/extensions/typescript-language-features/dist/extension
[2019-06-12 12:00:57.996] [exthost] [info] ExtensionService#_doActivateExtension vscode.configuration-editing {"startup":false,"activationEvent":"onLanguage:jsonc"}
[2019-06-12 12:00:57.996] [exthost] [info] ExtensionService#loadCommonJSModule /usr/share/code/resources/app/extensions/configuration-editing/dist/extension
[2019-06-12 12:00:58.005] [exthost] [info] ExtensionService#_doActivateExtension vscode.json-language-features {"startup":false,"activationEvent":"onLanguage:jsonc"}
[2019-06-12 12:00:58.005] [exthost] [info] ExtensionService#loadCommonJSModule /usr/share/code/resources/app/extensions/json-language-features/client/dist/jsonMain
[2019-06-12 12:10:03.754] [exthost] [info] ExtensionService#_doActivateExtension vscode.css-language-features {"startup":false,"activationEvent":"onLanguage:css"}
[2019-06-12 12:10:03.754] [exthost] [info] ExtensionService#loadCommonJSModule /usr/share/code/resources/app/extensions/css-language-features/client/dist/cssMain
[2019-06-14 13:44:39.307] [exthost] [info] ExtensionService#_doActivateExtension vscode.npm {"startup":false,"activationEvent":"onLanguage:json"}
[2019-06-14 13:44:39.307] [exthost] [info] ExtensionService#loadCommonJSModule /usr/share/code/resources/app/extensions/npm/dist/main
